<?xml version="1.0" encoding="UTF-8"?>
<!-- Generated by org.testng.reporters.JUnitReportReporter -->
<testsuite hostname="DESKTOP-SEH0FS9" failures="0" tests="3" name="com.simplilearn.testng.testNgStandardAnnotationTest" time="0.074" errors="0" timestamp="2023-12-18T16:05:37 IST" skipped="1">
  <testcase classname="com.simplilearn.testng.testNgStandardAnnotationTest" name="testTwo" time="0.020"/>
  <testcase classname="com.simplilearn.testng.testNgStandardAnnotationTest" name="testOne" time="0.054"/>
  <testcase classname="com.simplilearn.testng.testNgStandardAnnotationTest" name="testThree">
    <skipped/>
  </testcase> <!-- testThree -->
</testsuite> <!-- com.simplilearn.testng.testNgStandardAnnotationTest -->
