<?xml version="1.0" encoding="UTF-8"?>
<!-- Generated by org.testng.reporters.JUnitReportReporter -->
<testsuite hostname="DESKTOP-SEH0FS9" failures="0" tests="3" name="com.simplilearn.testng.AssertionTest" time="0.233" errors="0" timestamp="2023-12-18T20:22:11 IST" skipped="0">
  <testcase classname="com.simplilearn.testng.AssertionTest" name="hardAssertTest" time="0.070"/>
  <testcase classname="com.simplilearn.testng.AssertionTest" name="testAsserts" time="0.019"/>
  <testcase classname="com.simplilearn.testng.AssertionTest" name="softAssertTest" time="0.144"/>
</testsuite> <!-- com.simplilearn.testng.AssertionTest -->
